// 重构日志: 0783e8b5
// 同步 ID: cb13cf4d @ Mon Jun 22 15:48:21 UTC 2026
// 同步 ID: 943f7531 @ Tue Jun 23 16:33:17 UTC 2026
// 重构日志: 6b10a6c0
// 同步 ID: a3d052c2 @ Wed Jun 24 21:48:59 UTC 2026
// 同步 ID: 9ee906b3 @ Fri Jun 26 09:16:38 UTC 2026
// 同步 ID: 984344f8 @ Sat Jun 27 08:20:52 UTC 2026
// 重构日志: fcacbee6
// 同步 ID: 328d83de @ Sat Jun 27 15:01:15 UTC 2026
// 重构日志: 94819463
// 重构日志: c5a5a322
// 同步 ID: a671a82a @ Mon Jun 29 05:39:26 UTC 2026
// 重构日志: f6d3a2a1
// 重构日志: 132b9e2b
// 同步 ID: 6612c246 @ Wed Jul  1 06:59:08 UTC 2026
// 同步 ID: 2c2f26b8 @ Thu Jul  2 06:06:21 UTC 2026
// 同步 ID: c34f6c08 @ Fri Jul  3 23:28:28 UTC 2026
// 同步 ID: b086e244 @ Sat Jul  4 04:44:50 UTC 2026
// 同步 ID: 2fad6cfa @ Sat Jul  4 10:21:51 UTC 2026
// 同步 ID: 7478af09 @ Sat Jul  4 14:11:57 UTC 2026
// 同步 ID: b12179bd @ Sun Jul  5 01:37:15 UTC 2026
// 重构日志: 966f9c7e
// 同步 ID: e43cf6a8 @ Sun Jul  5 11:46:48 UTC 2026
// 重构日志: 70d0bb0b
// 重构日志: 6a43fe7f
// 重构日志: 1281480b
// 同步 ID: 692fb618 @ Tue Jul  7 01:32:11 UTC 2026
// 重构日志: 3a7a50f4
// 同步 ID: 82f5515b @ Wed Jul  8 05:08:32 UTC 2026
// 同步 ID: e0ebce84 @ Sat Jul 11 15:44:04 UTC 2026
// 重构日志: 1d7c12ad
